C:\Program Files (x86)\Microsoft Visual Studio\2019\Community\MSBuild\Current\Bin\Microsoft.Common.CurrentVersion.targets(1967,5): warning : The referenced project 'C:\dev\GLFW\glfw-3.3.9\build\ZERO_CHECK.vcxproj' does not exist.
C:\Program Files (x86)\Microsoft Visual Studio\2019\Community\MSBuild\Current\Bin\Microsoft.Common.CurrentVersion.targets(1967,5): warning : The referenced project 'C:\dev\GLFW\glfw-3.3.9\build\examples\boing.vcxproj' does not exist.
C:\Program Files (x86)\Microsoft Visual Studio\2019\Community\MSBuild\Current\Bin\Microsoft.Common.CurrentVersion.targets(1967,5): warning : The referenced project 'C:\dev\GLFW\glfw-3.3.9\build\tests\clipboard.vcxproj' does not exist.
C:\Program Files (x86)\Microsoft Visual Studio\2019\Community\MSBuild\Current\Bin\Microsoft.Common.CurrentVersion.targets(1967,5): warning : The referenced project 'C:\dev\GLFW\glfw-3.3.9\build\tests\cursor.vcxproj' does not exist.
C:\Program Files (x86)\Microsoft Visual Studio\2019\Community\MSBuild\Current\Bin\Microsoft.Common.CurrentVersion.targets(1967,5): warning : The referenced project 'C:\dev\GLFW\glfw-3.3.9\build\tests\empty.vcxproj' does not exist.
C:\Program Files (x86)\Microsoft Visual Studio\2019\Community\MSBuild\Current\Bin\Microsoft.Common.CurrentVersion.targets(1967,5): warning : The referenced project 'C:\dev\GLFW\glfw-3.3.9\build\tests\events.vcxproj' does not exist.
C:\Program Files (x86)\Microsoft Visual Studio\2019\Community\MSBuild\Current\Bin\Microsoft.Common.CurrentVersion.targets(1967,5): warning : The referenced project 'C:\dev\GLFW\glfw-3.3.9\build\tests\gamma.vcxproj' does not exist.
C:\Program Files (x86)\Microsoft Visual Studio\2019\Community\MSBuild\Current\Bin\Microsoft.Common.CurrentVersion.targets(1967,5): warning : The referenced project 'C:\dev\GLFW\glfw-3.3.9\build\examples\gears.vcxproj' does not exist.
C:\Program Files (x86)\Microsoft Visual Studio\2019\Community\MSBuild\Current\Bin\Microsoft.Common.CurrentVersion.targets(1967,5): warning : The referenced project 'C:\dev\GLFW\glfw-3.3.9\build\src\glfw.vcxproj' does not exist.
C:\Program Files (x86)\Microsoft Visual Studio\2019\Community\MSBuild\Current\Bin\Microsoft.Common.CurrentVersion.targets(1967,5): warning : The referenced project 'C:\dev\GLFW\glfw-3.3.9\build\tests\glfwinfo.vcxproj' does not exist.
C:\Program Files (x86)\Microsoft Visual Studio\2019\Community\MSBuild\Current\Bin\Microsoft.Common.CurrentVersion.targets(1967,5): warning : The referenced project 'C:\dev\GLFW\glfw-3.3.9\build\examples\heightmap.vcxproj' does not exist.
C:\Program Files (x86)\Microsoft Visual Studio\2019\Community\MSBuild\Current\Bin\Microsoft.Common.CurrentVersion.targets(1967,5): warning : The referenced project 'C:\dev\GLFW\glfw-3.3.9\build\tests\icon.vcxproj' does not exist.
C:\Program Files (x86)\Microsoft Visual Studio\2019\Community\MSBuild\Current\Bin\Microsoft.Common.CurrentVersion.targets(1967,5): warning : The referenced project 'C:\dev\GLFW\glfw-3.3.9\build\tests\iconify.vcxproj' does not exist.
C:\Program Files (x86)\Microsoft Visual Studio\2019\Community\MSBuild\Current\Bin\Microsoft.Common.CurrentVersion.targets(1967,5): warning : The referenced project 'C:\dev\GLFW\glfw-3.3.9\build\tests\inputlag.vcxproj' does not exist.
C:\Program Files (x86)\Microsoft Visual Studio\2019\Community\MSBuild\Current\Bin\Microsoft.Common.CurrentVersion.targets(1967,5): warning : The referenced project 'C:\dev\GLFW\glfw-3.3.9\build\tests\joysticks.vcxproj' does not exist.
C:\Program Files (x86)\Microsoft Visual Studio\2019\Community\MSBuild\Current\Bin\Microsoft.Common.CurrentVersion.targets(1967,5): warning : The referenced project 'C:\dev\GLFW\glfw-3.3.9\build\tests\monitors.vcxproj' does not exist.
C:\Program Files (x86)\Microsoft Visual Studio\2019\Community\MSBuild\Current\Bin\Microsoft.Common.CurrentVersion.targets(1967,5): warning : The referenced project 'C:\dev\GLFW\glfw-3.3.9\build\tests\msaa.vcxproj' does not exist.
C:\Program Files (x86)\Microsoft Visual Studio\2019\Community\MSBuild\Current\Bin\Microsoft.Common.CurrentVersion.targets(1967,5): warning : The referenced project 'C:\dev\GLFW\glfw-3.3.9\build\examples\offscreen.vcxproj' does not exist.
C:\Program Files (x86)\Microsoft Visual Studio\2019\Community\MSBuild\Current\Bin\Microsoft.Common.CurrentVersion.targets(1967,5): warning : The referenced project 'C:\dev\GLFW\glfw-3.3.9\build\tests\opacity.vcxproj' does not exist.
C:\Program Files (x86)\Microsoft Visual Studio\2019\Community\MSBuild\Current\Bin\Microsoft.Common.CurrentVersion.targets(1967,5): warning : The referenced project 'C:\dev\GLFW\glfw-3.3.9\build\examples\particles.vcxproj' does not exist.
C:\Program Files (x86)\Microsoft Visual Studio\2019\Community\MSBuild\Current\Bin\Microsoft.Common.CurrentVersion.targets(1967,5): warning : The referenced project 'C:\dev\GLFW\glfw-3.3.9\build\tests\reopen.vcxproj' does not exist.
C:\Program Files (x86)\Microsoft Visual Studio\2019\Community\MSBuild\Current\Bin\Microsoft.Common.CurrentVersion.targets(1967,5): warning : The referenced project 'C:\dev\GLFW\glfw-3.3.9\build\examples\sharing.vcxproj' does not exist.
C:\Program Files (x86)\Microsoft Visual Studio\2019\Community\MSBuild\Current\Bin\Microsoft.Common.CurrentVersion.targets(1967,5): warning : The referenced project 'C:\dev\GLFW\glfw-3.3.9\build\examples\simple.vcxproj' does not exist.
C:\Program Files (x86)\Microsoft Visual Studio\2019\Community\MSBuild\Current\Bin\Microsoft.Common.CurrentVersion.targets(1967,5): warning : The referenced project 'C:\dev\GLFW\glfw-3.3.9\build\examples\splitview.vcxproj' does not exist.
C:\Program Files (x86)\Microsoft Visual Studio\2019\Community\MSBuild\Current\Bin\Microsoft.Common.CurrentVersion.targets(1967,5): warning : The referenced project 'C:\dev\GLFW\glfw-3.3.9\build\tests\tearing.vcxproj' does not exist.
C:\Program Files (x86)\Microsoft Visual Studio\2019\Community\MSBuild\Current\Bin\Microsoft.Common.CurrentVersion.targets(1967,5): warning : The referenced project 'C:\dev\GLFW\glfw-3.3.9\build\tests\threads.vcxproj' does not exist.
C:\Program Files (x86)\Microsoft Visual Studio\2019\Community\MSBuild\Current\Bin\Microsoft.Common.CurrentVersion.targets(1967,5): warning : The referenced project 'C:\dev\GLFW\glfw-3.3.9\build\tests\timeout.vcxproj' does not exist.
C:\Program Files (x86)\Microsoft Visual Studio\2019\Community\MSBuild\Current\Bin\Microsoft.Common.CurrentVersion.targets(1967,5): warning : The referenced project 'C:\dev\GLFW\glfw-3.3.9\build\tests\title.vcxproj' does not exist.
C:\Program Files (x86)\Microsoft Visual Studio\2019\Community\MSBuild\Current\Bin\Microsoft.Common.CurrentVersion.targets(1967,5): warning : The referenced project 'C:\dev\GLFW\glfw-3.3.9\build\tests\triangle-vulkan.vcxproj' does not exist.
C:\Program Files (x86)\Microsoft Visual Studio\2019\Community\MSBuild\Current\Bin\Microsoft.Common.CurrentVersion.targets(1967,5): warning : The referenced project 'C:\dev\GLFW\glfw-3.3.9\build\examples\wave.vcxproj' does not exist.
C:\Program Files (x86)\Microsoft Visual Studio\2019\Community\MSBuild\Current\Bin\Microsoft.Common.CurrentVersion.targets(1967,5): warning : The referenced project 'C:\dev\GLFW\glfw-3.3.9\build\tests\windows.vcxproj' does not exist.
  Building Custom Rule C:/dev/GLFW/glfw-3.3.9/CMakeLists.txt
  CMake is re-running because C:/dev/GLFW/glfw-3.3.9/build/CMakeFiles/generate.stamp dependency file is missing.
CUSTOMBUILD : CMake error : The source directory "C:/dev/GLFW/glfw-3.3.9" does not appear to contain CMakeLists.txt.
  Specify --help for usage, or press the help button on the CMake GUI.
C:\Program Files (x86)\Microsoft Visual Studio\2019\Community\MSBuild\Microsoft\VC\v160\Microsoft.CppCommon.targets(241,5): error MSB8066: Custom build for 'C:\dev\GLFW\glfw-3.3.9\CMakeLists.txt' exited with code 1.
